[2024-04-15 16:41:19,779] INFO [ControllerEventThread controllerId=0] Starting (kafka.controller.ControllerEventManager$ControllerEventThread)
[2024-04-15 16:41:19,794] INFO [Controller id=0] 0 successfully elected as the controller. Epoch incremented to 4 and epoch zk version is now 4 (kafka.controller.KafkaController)
[2024-04-15 16:41:19,795] INFO [Controller id=0] Registering handlers (kafka.controller.KafkaController)
[2024-04-15 16:41:19,797] INFO [Controller id=0] Deleting log dir event notifications (kafka.controller.KafkaController)
[2024-04-15 16:41:19,798] INFO [Controller id=0] Deleting isr change notifications (kafka.controller.KafkaController)
[2024-04-15 16:41:19,799] INFO [Controller id=0] Initializing controller context (kafka.controller.KafkaController)
[2024-04-15 16:41:19,804] INFO [Controller id=0] Initialized broker epochs cache: HashMap(0 -> 202) (kafka.controller.KafkaController)
[2024-04-15 16:41:19,810] DEBUG [Controller id=0] Register BrokerModifications handler for Set(0) (kafka.controller.KafkaController)
[2024-04-15 16:41:19,830] DEBUG [Channel manager on controller 0]: Controller 0 trying to connect to broker 0 (kafka.controller.ControllerChannelManager)
[2024-04-15 16:41:19,833] INFO [RequestSendThread controllerId=0] Starting (kafka.controller.RequestSendThread)
[2024-04-15 16:41:19,836] INFO [Controller id=0] Currently active brokers in the cluster: Set(0) (kafka.controller.KafkaController)
[2024-04-15 16:41:19,836] INFO [Controller id=0] Currently shutting brokers in the cluster: HashSet() (kafka.controller.KafkaController)
[2024-04-15 16:41:19,836] INFO [Controller id=0] Current list of topics in the cluster: HashSet(quickstart-events, alibou, __consumer_offsets) (kafka.controller.KafkaController)
[2024-04-15 16:41:19,836] INFO [Controller id=0] Fetching topic deletions in progress (kafka.controller.KafkaController)
[2024-04-15 16:41:19,839] INFO [Controller id=0] List of topics to be deleted:  (kafka.controller.KafkaController)
[2024-04-15 16:41:19,839] INFO [Controller id=0] List of topics ineligible for deletion:  (kafka.controller.KafkaController)
[2024-04-15 16:41:19,839] INFO [Controller id=0] Initializing topic deletion manager (kafka.controller.KafkaController)
[2024-04-15 16:41:19,839] INFO [Topic Deletion Manager 0] Initializing manager with initial deletions: Set(), initial ineligible deletions: HashSet() (kafka.controller.TopicDeletionManager)
[2024-04-15 16:41:19,840] INFO [Controller id=0] Sending update metadata request (kafka.controller.KafkaController)
[2024-04-15 16:41:19,844] INFO [ReplicaStateMachine controllerId=0] Initializing replica state (kafka.controller.ZkReplicaStateMachine)
[2024-04-15 16:41:19,846] INFO [ReplicaStateMachine controllerId=0] Triggering online replica state changes (kafka.controller.ZkReplicaStateMachine)
[2024-04-15 16:41:19,849] WARN [RequestSendThread controllerId=0] Controller 0's connection to broker localhost:9092 (id: 0 rack: null) was unsuccessful (kafka.controller.RequestSendThread)
java.io.IOException: Connection to localhost:9092 (id: 0 rack: null) failed.
	at org.apache.kafka.clients.NetworkClientUtils.awaitReady(NetworkClientUtils.java:71)
	at kafka.controller.RequestSendThread.brokerReady(ControllerChannelManager.scala:298)
	at kafka.controller.RequestSendThread.doWork(ControllerChannelManager.scala:251)
	at org.apache.kafka.server.util.ShutdownableThread.run(ShutdownableThread.java:131)
[2024-04-15 16:41:19,860] INFO [ReplicaStateMachine controllerId=0] Triggering offline replica state changes (kafka.controller.ZkReplicaStateMachine)
[2024-04-15 16:41:19,860] DEBUG [ReplicaStateMachine controllerId=0] Started replica state machine with initial state -> HashMap([Topic=__consumer_offsets,Partition=40,Replica=0] -> OnlineReplica, [Topic=__consumer_offsets,Partition=27,Replica=0] -> OnlineReplica, [Topic=__consumer_offsets,Partition=49,Replica=0] -> OnlineReplica, [Topic=__consumer_offsets,Partition=47,Replica=0] -> OnlineReplica, [Topic=__consumer_offsets,Partition=3,Replica=0] -> OnlineReplica, [Topic=__consumer_offsets,Partition=18,Replica=0] -> OnlineReplica, [Topic=__consumer_offsets,Partition=44,Replica=0] -> OnlineReplica, [Topic=__consumer_offsets,Partition=8,Replica=0] -> OnlineReplica, [Topic=__consumer_offsets,Partition=34,Replica=0] -> OnlineReplica, [Topic=__consumer_offsets,Partition=25,Replica=0] -> OnlineReplica, [Topic=__consumer_offsets,Partition=14,Replica=0] -> OnlineReplica, [Topic=__consumer_offsets,Partition=24,Replica=0] -> OnlineReplica, [Topic=__consumer_offsets,Partition=36,Replica=0] -> OnlineReplica, [Topic=__consumer_offsets,Partition=42,Replica=0] -> OnlineReplica, [Topic=__consumer_offsets,Partition=45,Replica=0] -> OnlineReplica, [Topic=__consumer_offsets,Partition=11,Replica=0] -> OnlineReplica, [Topic=__consumer_offsets,Partition=32,Replica=0] -> OnlineReplica, [Topic=__consumer_offsets,Partition=12,Replica=0] -> OnlineReplica, [Topic=__consumer_offsets,Partition=30,Replica=0] -> OnlineReplica, [Topic=__consumer_offsets,Partition=9,Replica=0] -> OnlineReplica, [Topic=__consumer_offsets,Partition=39,Replica=0] -> OnlineReplica, [Topic=__consumer_offsets,Partition=38,Replica=0] -> OnlineReplica, [Topic=__consumer_offsets,Partition=23,Replica=0] -> OnlineReplica, [Topic=__consumer_offsets,Partition=19,Replica=0] -> OnlineReplica, [Topic=__consumer_offsets,Partition=17,Replica=0] -> OnlineReplica, [Topic=__consumer_offsets,Partition=41,Replica=0] -> OnlineReplica, [Topic=__consumer_offsets,Partition=37,Replica=0] -> OnlineReplica, [Topic=__consumer_offsets,Partition=48,Replica=0] -> OnlineReplica, [Topic=__consumer_offsets,Partition=29,Replica=0] -> OnlineReplica, [Topic=__consumer_offsets,Partition=10,Replica=0] -> OnlineReplica, [Topic=__consumer_offsets,Partition=46,Replica=0] -> OnlineReplica, [Topic=__consumer_offsets,Partition=1,Replica=0] -> OnlineReplica, [Topic=__consumer_offsets,Partition=16,Replica=0] -> OnlineReplica, [Topic=__consumer_offsets,Partition=5,Replica=0] -> OnlineReplica, [Topic=quickstart-events,Partition=0,Replica=0] -> OnlineReplica, [Topic=__consumer_offsets,Partition=15,Replica=0] -> OnlineReplica, [Topic=__consumer_offsets,Partition=4,Replica=0] -> OnlineReplica, [Topic=__consumer_offsets,Partition=6,Replica=0] -> OnlineReplica, [Topic=alibou,Partition=0,Replica=0] -> OnlineReplica, [Topic=__consumer_offsets,Partition=7,Replica=0] -> OnlineReplica, [Topic=__consumer_offsets,Partition=43,Replica=0] -> OnlineReplica, [Topic=__consumer_offsets,Partition=0,Replica=0] -> OnlineReplica, [Topic=__consumer_offsets,Partition=20,Replica=0] -> OnlineReplica, [Topic=__consumer_offsets,Partition=31,Replica=0] -> OnlineReplica, [Topic=__consumer_offsets,Partition=28,Replica=0] -> OnlineReplica, [Topic=__consumer_offsets,Partition=26,Replica=0] -> OnlineReplica, [Topic=__consumer_offsets,Partition=2,Replica=0] -> OnlineReplica, [Topic=__consumer_offsets,Partition=33,Replica=0] -> OnlineReplica, [Topic=__consumer_offsets,Partition=22,Replica=0] -> OnlineReplica, [Topic=__consumer_offsets,Partition=21,Replica=0] -> OnlineReplica, [Topic=__consumer_offsets,Partition=13,Replica=0] -> OnlineReplica, [Topic=__consumer_offsets,Partition=35,Replica=0] -> OnlineReplica) (kafka.controller.ZkReplicaStateMachine)
[2024-04-15 16:41:19,860] INFO [PartitionStateMachine controllerId=0] Initializing partition state (kafka.controller.ZkPartitionStateMachine)
[2024-04-15 16:41:19,862] INFO [PartitionStateMachine controllerId=0] Triggering online partition state changes (kafka.controller.ZkPartitionStateMachine)
[2024-04-15 16:41:19,862] DEBUG [PartitionStateMachine controllerId=0] Started partition state machine with initial state -> HashMap(alibou-0 -> OnlinePartition, __consumer_offsets-13 -> OnlinePartition, __consumer_offsets-46 -> OnlinePartition, __consumer_offsets-9 -> OnlinePartition, __consumer_offsets-42 -> OnlinePartition, __consumer_offsets-21 -> OnlinePartition, __consumer_offsets-17 -> OnlinePartition, __consumer_offsets-30 -> OnlinePartition, __consumer_offsets-26 -> OnlinePartition, __consumer_offsets-5 -> OnlinePartition, __consumer_offsets-38 -> OnlinePartition, __consumer_offsets-1 -> OnlinePartition, __consumer_offsets-34 -> OnlinePartition, __consumer_offsets-16 -> OnlinePartition, __consumer_offsets-45 -> OnlinePartition, __consumer_offsets-12 -> OnlinePartition, __consumer_offsets-41 -> OnlinePartition, __consumer_offsets-24 -> OnlinePartition, __consumer_offsets-20 -> OnlinePartition, __consumer_offsets-49 -> OnlinePartition, __consumer_offsets-0 -> OnlinePartition, __consumer_offsets-29 -> OnlinePartition, __consumer_offsets-25 -> OnlinePartition, __consumer_offsets-8 -> OnlinePartition, __consumer_offsets-37 -> OnlinePartition, __consumer_offsets-4 -> OnlinePartition, __consumer_offsets-33 -> OnlinePartition, __consumer_offsets-15 -> OnlinePartition, __consumer_offsets-48 -> OnlinePartition, __consumer_offsets-11 -> OnlinePartition, __consumer_offsets-44 -> OnlinePartition, __consumer_offsets-23 -> OnlinePartition, __consumer_offsets-19 -> OnlinePartition, __consumer_offsets-32 -> OnlinePartition, __consumer_offsets-28 -> OnlinePartition, __consumer_offsets-7 -> OnlinePartition, __consumer_offsets-40 -> OnlinePartition, __consumer_offsets-3 -> OnlinePartition, __consumer_offsets-36 -> OnlinePartition, __consumer_offsets-47 -> OnlinePartition, quickstart-events-0 -> OnlinePartition, __consumer_offsets-14 -> OnlinePartition, __consumer_offsets-43 -> OnlinePartition, __consumer_offsets-10 -> OnlinePartition, __consumer_offsets-22 -> OnlinePartition, __consumer_offsets-18 -> OnlinePartition, __consumer_offsets-31 -> OnlinePartition, __consumer_offsets-27 -> OnlinePartition, __consumer_offsets-39 -> OnlinePartition, __consumer_offsets-6 -> OnlinePartition, __consumer_offsets-35 -> OnlinePartition, __consumer_offsets-2 -> OnlinePartition) (kafka.controller.ZkPartitionStateMachine)
[2024-04-15 16:41:19,862] INFO [Controller id=0] Ready to serve as the new controller with epoch 4 (kafka.controller.KafkaController)
[2024-04-15 16:41:19,865] INFO [Controller id=0] Partitions undergoing preferred replica election:  (kafka.controller.KafkaController)
[2024-04-15 16:41:19,865] INFO [Controller id=0] Partitions that completed preferred replica election:  (kafka.controller.KafkaController)
[2024-04-15 16:41:19,865] INFO [Controller id=0] Skipping preferred replica election for partitions due to topic deletion:  (kafka.controller.KafkaController)
[2024-04-15 16:41:19,867] INFO [Controller id=0] Resuming preferred replica election for partitions:  (kafka.controller.KafkaController)
[2024-04-15 16:41:19,868] INFO [Controller id=0] Starting replica leader election (PREFERRED) for partitions  triggered by ZkTriggered (kafka.controller.KafkaController)
[2024-04-15 16:41:19,882] INFO [Controller id=0] Starting the controller scheduler (kafka.controller.KafkaController)
[2024-04-15 16:41:19,958] INFO [RequestSendThread controllerId=0] Controller 0 connected to localhost:9092 (id: 0 rack: null) for sending state change requests (kafka.controller.RequestSendThread)
[2024-04-15 16:41:24,888] INFO [Controller id=0] Processing automatic preferred replica leader election (kafka.controller.KafkaController)
[2024-04-15 16:41:24,888] TRACE [Controller id=0] Checking need to trigger auto leader balancing (kafka.controller.KafkaController)
[2024-04-15 16:41:24,894] DEBUG [Controller id=0] Topics not in preferred replica for broker 0 HashMap() (kafka.controller.KafkaController)
[2024-04-15 16:41:24,896] TRACE [Controller id=0] Leader imbalance ratio for broker 0 is 0.0 (kafka.controller.KafkaController)
[2024-04-15 16:42:04,950] INFO [Controller id=0] New topics: [Set(wikimedia-stream)], deleted topics: [HashSet()], new partition replica assignment [Set(TopicIdReplicaAssignment(wikimedia-stream,Some(FaV1d5fKQjC8WHbEWXc41Q),Map(wikimedia-stream-0 -> ReplicaAssignment(replicas=0, addingReplicas=, removingReplicas=))))] (kafka.controller.KafkaController)
[2024-04-15 16:42:04,951] INFO [Controller id=0] New partition creation callback for wikimedia-stream-0 (kafka.controller.KafkaController)
[2024-04-15 16:46:24,906] INFO [Controller id=0] Processing automatic preferred replica leader election (kafka.controller.KafkaController)
[2024-04-15 16:46:24,919] TRACE [Controller id=0] Checking need to trigger auto leader balancing (kafka.controller.KafkaController)
[2024-04-15 16:46:24,933] DEBUG [Controller id=0] Topics not in preferred replica for broker 0 HashMap() (kafka.controller.KafkaController)
[2024-04-15 16:46:24,933] TRACE [Controller id=0] Leader imbalance ratio for broker 0 is 0.0 (kafka.controller.KafkaController)
[2024-04-15 16:47:36,015] DEBUG [Controller id=0] Read current producerId block ProducerIdsBlock(assignedBrokerId=0, firstProducerId=1000, size=1000), Zk path version 2 (kafka.controller.KafkaController)
[2024-04-15 16:47:36,032] INFO [Controller id=0] Acquired new producerId block ProducerIdsBlock(assignedBrokerId=0, firstProducerId=2000, size=1000) by writing to Zk with path version 3 (kafka.controller.KafkaController)
[2024-04-15 16:51:24,938] INFO [Controller id=0] Processing automatic preferred replica leader election (kafka.controller.KafkaController)
[2024-04-15 16:51:24,940] TRACE [Controller id=0] Checking need to trigger auto leader balancing (kafka.controller.KafkaController)
[2024-04-15 16:51:24,946] DEBUG [Controller id=0] Topics not in preferred replica for broker 0 HashMap() (kafka.controller.KafkaController)
[2024-04-15 16:51:24,946] TRACE [Controller id=0] Leader imbalance ratio for broker 0 is 0.0 (kafka.controller.KafkaController)
[2024-04-15 16:56:24,953] INFO [Controller id=0] Processing automatic preferred replica leader election (kafka.controller.KafkaController)
[2024-04-15 16:56:24,957] TRACE [Controller id=0] Checking need to trigger auto leader balancing (kafka.controller.KafkaController)
[2024-04-15 16:56:24,961] DEBUG [Controller id=0] Topics not in preferred replica for broker 0 HashMap() (kafka.controller.KafkaController)
[2024-04-15 16:56:24,962] TRACE [Controller id=0] Leader imbalance ratio for broker 0 is 0.0 (kafka.controller.KafkaController)
[2024-04-15 16:56:52,976] INFO [Controller id=0] Shutting down broker 0 (kafka.controller.KafkaController)
[2024-04-15 16:56:52,977] DEBUG [Controller id=0] All shutting down brokers: 0 (kafka.controller.KafkaController)
[2024-04-15 16:56:52,977] DEBUG [Controller id=0] Live brokers:  (kafka.controller.KafkaController)
[2024-04-15 16:56:52,985] TRACE [Controller id=0] All leaders = alibou-0 -> (Leader:0,ISR:0,LeaderRecoveryState:RECOVERED,LeaderEpoch:0,ZkVersion:0,ControllerEpoch:3),__consumer_offsets-13 -> (Leader:0,ISR:0,LeaderRecoveryState:RECOVERED,LeaderEpoch:0,ZkVersion:0,ControllerEpoch:2),__consumer_offsets-46 -> (Leader:0,ISR:0,LeaderRecoveryState:RECOVERED,LeaderEpoch:0,ZkVersion:0,ControllerEpoch:2),__consumer_offsets-9 -> (Leader:0,ISR:0,LeaderRecoveryState:RECOVERED,LeaderEpoch:0,ZkVersion:0,ControllerEpoch:2),wikimedia-stream-0 -> (Leader:0,ISR:0,LeaderRecoveryState:RECOVERED,LeaderEpoch:0,ZkVersion:0,ControllerEpoch:4),__consumer_offsets-42 -> (Leader:0,ISR:0,LeaderRecoveryState:RECOVERED,LeaderEpoch:0,ZkVersion:0,ControllerEpoch:2),__consumer_offsets-21 -> (Leader:0,ISR:0,LeaderRecoveryState:RECOVERED,LeaderEpoch:0,ZkVersion:0,ControllerEpoch:2),__consumer_offsets-17 -> (Leader:0,ISR:0,LeaderRecoveryState:RECOVERED,LeaderEpoch:0,ZkVersion:0,ControllerEpoch:2),__consumer_offsets-30 -> (Leader:0,ISR:0,LeaderRecoveryState:RECOVERED,LeaderEpoch:0,ZkVersion:0,ControllerEpoch:2),__consumer_offsets-26 -> (Leader:0,ISR:0,LeaderRecoveryState:RECOVERED,LeaderEpoch:0,ZkVersion:0,ControllerEpoch:2),__consumer_offsets-5 -> (Leader:0,ISR:0,LeaderRecoveryState:RECOVERED,LeaderEpoch:0,ZkVersion:0,ControllerEpoch:2),__consumer_offsets-38 -> (Leader:0,ISR:0,LeaderRecoveryState:RECOVERED,LeaderEpoch:0,ZkVersion:0,ControllerEpoch:2),__consumer_offsets-1 -> (Leader:0,ISR:0,LeaderRecoveryState:RECOVERED,LeaderEpoch:0,ZkVersion:0,ControllerEpoch:2),__consumer_offsets-34 -> (Leader:0,ISR:0,LeaderRecoveryState:RECOVERED,LeaderEpoch:0,ZkVersion:0,ControllerEpoch:2),__consumer_offsets-16 -> (Leader:0,ISR:0,LeaderRecoveryState:RECOVERED,LeaderEpoch:0,ZkVersion:0,ControllerEpoch:2),__consumer_offsets-45 -> (Leader:0,ISR:0,LeaderRecoveryState:RECOVERED,LeaderEpoch:0,ZkVersion:0,ControllerEpoch:2),__consumer_offsets-12 -> (Leader:0,ISR:0,LeaderRecoveryState:RECOVERED,LeaderEpoch:0,ZkVersion:0,ControllerEpoch:2),__consumer_offsets-41 -> (Leader:0,ISR:0,LeaderRecoveryState:RECOVERED,LeaderEpoch:0,ZkVersion:0,ControllerEpoch:2),__consumer_offsets-24 -> (Leader:0,ISR:0,LeaderRecoveryState:RECOVERED,LeaderEpoch:0,ZkVersion:0,ControllerEpoch:2),__consumer_offsets-20 -> (Leader:0,ISR:0,LeaderRecoveryState:RECOVERED,LeaderEpoch:0,ZkVersion:0,ControllerEpoch:2),__consumer_offsets-49 -> (Leader:0,ISR:0,LeaderRecoveryState:RECOVERED,LeaderEpoch:0,ZkVersion:0,ControllerEpoch:2),__consumer_offsets-0 -> (Leader:0,ISR:0,LeaderRecoveryState:RECOVERED,LeaderEpoch:0,ZkVersion:0,ControllerEpoch:2),__consumer_offsets-29 -> (Leader:0,ISR:0,LeaderRecoveryState:RECOVERED,LeaderEpoch:0,ZkVersion:0,ControllerEpoch:2),__consumer_offsets-25 -> (Leader:0,ISR:0,LeaderRecoveryState:RECOVERED,LeaderEpoch:0,ZkVersion:0,ControllerEpoch:2),__consumer_offsets-8 -> (Leader:0,ISR:0,LeaderRecoveryState:RECOVERED,LeaderEpoch:0,ZkVersion:0,ControllerEpoch:2),__consumer_offsets-37 -> (Leader:0,ISR:0,LeaderRecoveryState:RECOVERED,LeaderEpoch:0,ZkVersion:0,ControllerEpoch:2),__consumer_offsets-4 -> (Leader:0,ISR:0,LeaderRecoveryState:RECOVERED,LeaderEpoch:0,ZkVersion:0,ControllerEpoch:2),__consumer_offsets-33 -> (Leader:0,ISR:0,LeaderRecoveryState:RECOVERED,LeaderEpoch:0,ZkVersion:0,ControllerEpoch:2),__consumer_offsets-15 -> (Leader:0,ISR:0,LeaderRecoveryState:RECOVERED,LeaderEpoch:0,ZkVersion:0,ControllerEpoch:2),__consumer_offsets-48 -> (Leader:0,ISR:0,LeaderRecoveryState:RECOVERED,LeaderEpoch:0,ZkVersion:0,ControllerEpoch:2),__consumer_offsets-11 -> (Leader:0,ISR:0,LeaderRecoveryState:RECOVERED,LeaderEpoch:0,ZkVersion:0,ControllerEpoch:2),__consumer_offsets-44 -> (Leader:0,ISR:0,LeaderRecoveryState:RECOVERED,LeaderEpoch:0,ZkVersion:0,ControllerEpoch:2),__consumer_offsets-23 -> (Leader:0,ISR:0,LeaderRecoveryState:RECOVERED,LeaderEpoch:0,ZkVersion:0,ControllerEpoch:2),__consumer_offsets-19 -> (Leader:0,ISR:0,LeaderRecoveryState:RECOVERED,LeaderEpoch:0,ZkVersion:0,ControllerEpoch:2),__consumer_offsets-32 -> (Leader:0,ISR:0,LeaderRecoveryState:RECOVERED,LeaderEpoch:0,ZkVersion:0,ControllerEpoch:2),__consumer_offsets-28 -> (Leader:0,ISR:0,LeaderRecoveryState:RECOVERED,LeaderEpoch:0,ZkVersion:0,ControllerEpoch:2),__consumer_offsets-7 -> (Leader:0,ISR:0,LeaderRecoveryState:RECOVERED,LeaderEpoch:0,ZkVersion:0,ControllerEpoch:2),__consumer_offsets-40 -> (Leader:0,ISR:0,LeaderRecoveryState:RECOVERED,LeaderEpoch:0,ZkVersion:0,ControllerEpoch:2),__consumer_offsets-3 -> (Leader:0,ISR:0,LeaderRecoveryState:RECOVERED,LeaderEpoch:0,ZkVersion:0,ControllerEpoch:2),__consumer_offsets-36 -> (Leader:0,ISR:0,LeaderRecoveryState:RECOVERED,LeaderEpoch:0,ZkVersion:0,ControllerEpoch:2),__consumer_offsets-47 -> (Leader:0,ISR:0,LeaderRecoveryState:RECOVERED,LeaderEpoch:0,ZkVersion:0,ControllerEpoch:2),quickstart-events-0 -> (Leader:0,ISR:0,LeaderRecoveryState:RECOVERED,LeaderEpoch:0,ZkVersion:0,ControllerEpoch:1),__consumer_offsets-14 -> (Leader:0,ISR:0,LeaderRecoveryState:RECOVERED,LeaderEpoch:0,ZkVersion:0,ControllerEpoch:2),__consumer_offsets-43 -> (Leader:0,ISR:0,LeaderRecoveryState:RECOVERED,LeaderEpoch:0,ZkVersion:0,ControllerEpoch:2),__consumer_offsets-10 -> (Leader:0,ISR:0,LeaderRecoveryState:RECOVERED,LeaderEpoch:0,ZkVersion:0,ControllerEpoch:2),__consumer_offsets-22 -> (Leader:0,ISR:0,LeaderRecoveryState:RECOVERED,LeaderEpoch:0,ZkVersion:0,ControllerEpoch:2),__consumer_offsets-18 -> (Leader:0,ISR:0,LeaderRecoveryState:RECOVERED,LeaderEpoch:0,ZkVersion:0,ControllerEpoch:2),__consumer_offsets-31 -> (Leader:0,ISR:0,LeaderRecoveryState:RECOVERED,LeaderEpoch:0,ZkVersion:0,ControllerEpoch:2),__consumer_offsets-27 -> (Leader:0,ISR:0,LeaderRecoveryState:RECOVERED,LeaderEpoch:0,ZkVersion:0,ControllerEpoch:2),__consumer_offsets-39 -> (Leader:0,ISR:0,LeaderRecoveryState:RECOVERED,LeaderEpoch:0,ZkVersion:0,ControllerEpoch:2),__consumer_offsets-6 -> (Leader:0,ISR:0,LeaderRecoveryState:RECOVERED,LeaderEpoch:0,ZkVersion:0,ControllerEpoch:2),__consumer_offsets-35 -> (Leader:0,ISR:0,LeaderRecoveryState:RECOVERED,LeaderEpoch:0,ZkVersion:0,ControllerEpoch:2),__consumer_offsets-2 -> (Leader:0,ISR:0,LeaderRecoveryState:RECOVERED,LeaderEpoch:0,ZkVersion:0,ControllerEpoch:2) (kafka.controller.KafkaController)
[2024-04-15 16:56:53,418] INFO [ControllerEventThread controllerId=0] Shutting down (kafka.controller.ControllerEventManager$ControllerEventThread)
[2024-04-15 16:56:53,418] INFO [ControllerEventThread controllerId=0] Stopped (kafka.controller.ControllerEventManager$ControllerEventThread)
[2024-04-15 16:56:53,418] INFO [ControllerEventThread controllerId=0] Shutdown completed (kafka.controller.ControllerEventManager$ControllerEventThread)
[2024-04-15 16:56:53,418] DEBUG [Controller id=0] Resigning (kafka.controller.KafkaController)
[2024-04-15 16:56:53,419] DEBUG [Controller id=0] Unregister BrokerModifications handler for Set(0) (kafka.controller.KafkaController)
[2024-04-15 16:56:53,420] INFO [PartitionStateMachine controllerId=0] Stopped partition state machine (kafka.controller.ZkPartitionStateMachine)
[2024-04-15 16:56:53,420] INFO [ReplicaStateMachine controllerId=0] Stopped replica state machine (kafka.controller.ZkReplicaStateMachine)
[2024-04-15 16:56:53,420] INFO [RequestSendThread controllerId=0] Shutting down (kafka.controller.RequestSendThread)
[2024-04-15 16:56:53,420] INFO [RequestSendThread controllerId=0] Stopped (kafka.controller.RequestSendThread)
[2024-04-15 16:56:53,420] INFO [RequestSendThread controllerId=0] Shutdown completed (kafka.controller.RequestSendThread)
[2024-04-15 16:56:53,421] INFO [Controller id=0] Resigned (kafka.controller.KafkaController)
