[2024-04-15 16:41:19,841] INFO [Controller id=0 epoch=4] Sending UpdateMetadata request to brokers HashSet(0) for 0 partitions (state.change.logger)
[2024-04-15 16:41:19,859] INFO [Controller id=0 epoch=4] Sending LeaderAndIsr request to broker 0 with 52 become-leader and 0 become-follower partitions (state.change.logger)
[2024-04-15 16:41:19,860] INFO [Controller id=0 epoch=4] Sending UpdateMetadata request to brokers HashSet(0) for 52 partitions (state.change.logger)
[2024-04-15 16:41:19,988] INFO [Broker id=0] Handling LeaderAndIsr request correlationId 1 from controller 0 for 52 partitions (state.change.logger)
[2024-04-15 16:41:20,001] INFO [Broker id=0] Stopped fetchers as part of LeaderAndIsr request correlationId 1 from controller 0 epoch 4 as part of the become-leader transition for 52 partitions (state.change.logger)
[2024-04-15 16:41:20,005] INFO [Broker id=0] Leader __consumer_offsets-3 with topic id Some(di3KebyQRwansm0ojkJPng) starts at leader epoch 0 from offset 0 with partition epoch 0, high watermark 0, ISR [0], adding replicas [] and removing replicas [] . Previous leader None and previous leader epoch was -1. (state.change.logger)
[2024-04-15 16:41:20,011] INFO [Broker id=0] Leader quickstart-events-0 with topic id Some(cS54LlxORVG-LEgoGbqsjQ) starts at leader epoch 0 from offset 1 with partition epoch 0, high watermark 1, ISR [0], adding replicas [] and removing replicas [] . Previous leader None and previous leader epoch was -1. (state.change.logger)
[2024-04-15 16:41:20,011] INFO [Broker id=0] Leader __consumer_offsets-18 with topic id Some(di3KebyQRwansm0ojkJPng) starts at leader epoch 0 from offset 0 with partition epoch 0, high watermark 0, ISR [0], adding replicas [] and removing replicas [] . Previous leader None and previous leader epoch was -1. (state.change.logger)
[2024-04-15 16:41:20,017] INFO [Broker id=0] Leader __consumer_offsets-41 with topic id Some(di3KebyQRwansm0ojkJPng) starts at leader epoch 0 from offset 0 with partition epoch 0, high watermark 0, ISR [0], adding replicas [] and removing replicas [] . Previous leader None and previous leader epoch was -1. (state.change.logger)
[2024-04-15 16:41:20,021] INFO [Broker id=0] Leader __consumer_offsets-10 with topic id Some(di3KebyQRwansm0ojkJPng) starts at leader epoch 0 from offset 0 with partition epoch 0, high watermark 0, ISR [0], adding replicas [] and removing replicas [] . Previous leader None and previous leader epoch was -1. (state.change.logger)
[2024-04-15 16:41:20,026] INFO [Broker id=0] Leader __consumer_offsets-33 with topic id Some(di3KebyQRwansm0ojkJPng) starts at leader epoch 0 from offset 0 with partition epoch 0, high watermark 0, ISR [0], adding replicas [] and removing replicas [] . Previous leader None and previous leader epoch was -1. (state.change.logger)
[2024-04-15 16:41:20,032] INFO [Broker id=0] Leader __consumer_offsets-48 with topic id Some(di3KebyQRwansm0ojkJPng) starts at leader epoch 0 from offset 0 with partition epoch 0, high watermark 0, ISR [0], adding replicas [] and removing replicas [] . Previous leader None and previous leader epoch was -1. (state.change.logger)
[2024-04-15 16:41:20,036] INFO [Broker id=0] Leader __consumer_offsets-19 with topic id Some(di3KebyQRwansm0ojkJPng) starts at leader epoch 0 from offset 0 with partition epoch 0, high watermark 0, ISR [0], adding replicas [] and removing replicas [] . Previous leader None and previous leader epoch was -1. (state.change.logger)
[2024-04-15 16:41:20,041] INFO [Broker id=0] Leader __consumer_offsets-34 with topic id Some(di3KebyQRwansm0ojkJPng) starts at leader epoch 0 from offset 0 with partition epoch 0, high watermark 0, ISR [0], adding replicas [] and removing replicas [] . Previous leader None and previous leader epoch was -1. (state.change.logger)
[2024-04-15 16:41:20,046] INFO [Broker id=0] Leader __consumer_offsets-4 with topic id Some(di3KebyQRwansm0ojkJPng) starts at leader epoch 0 from offset 0 with partition epoch 0, high watermark 0, ISR [0], adding replicas [] and removing replicas [] . Previous leader None and previous leader epoch was -1. (state.change.logger)
[2024-04-15 16:41:20,051] INFO [Broker id=0] Leader __consumer_offsets-11 with topic id Some(di3KebyQRwansm0ojkJPng) starts at leader epoch 0 from offset 0 with partition epoch 0, high watermark 0, ISR [0], adding replicas [] and removing replicas [] . Previous leader None and previous leader epoch was -1. (state.change.logger)
[2024-04-15 16:41:20,056] INFO [Broker id=0] Leader __consumer_offsets-26 with topic id Some(di3KebyQRwansm0ojkJPng) starts at leader epoch 0 from offset 0 with partition epoch 0, high watermark 0, ISR [0], adding replicas [] and removing replicas [] . Previous leader None and previous leader epoch was -1. (state.change.logger)
[2024-04-15 16:41:20,060] INFO [Broker id=0] Leader __consumer_offsets-49 with topic id Some(di3KebyQRwansm0ojkJPng) starts at leader epoch 0 from offset 0 with partition epoch 0, high watermark 0, ISR [0], adding replicas [] and removing replicas [] . Previous leader None and previous leader epoch was -1. (state.change.logger)
[2024-04-15 16:41:20,065] INFO [Broker id=0] Leader alibou-0 with topic id Some(qusKHVVJQlC1KuMuXIrugA) starts at leader epoch 0 from offset 1 with partition epoch 0, high watermark 1, ISR [0], adding replicas [] and removing replicas [] . Previous leader None and previous leader epoch was -1. (state.change.logger)
[2024-04-15 16:41:20,065] INFO [Broker id=0] Leader __consumer_offsets-39 with topic id Some(di3KebyQRwansm0ojkJPng) starts at leader epoch 0 from offset 0 with partition epoch 0, high watermark 0, ISR [0], adding replicas [] and removing replicas [] . Previous leader None and previous leader epoch was -1. (state.change.logger)
[2024-04-15 16:41:20,070] INFO [Broker id=0] Leader __consumer_offsets-9 with topic id Some(di3KebyQRwansm0ojkJPng) starts at leader epoch 0 from offset 3 with partition epoch 0, high watermark 3, ISR [0], adding replicas [] and removing replicas [] . Previous leader None and previous leader epoch was -1. (state.change.logger)
[2024-04-15 16:41:20,070] INFO [Broker id=0] Leader __consumer_offsets-24 with topic id Some(di3KebyQRwansm0ojkJPng) starts at leader epoch 0 from offset 0 with partition epoch 0, high watermark 0, ISR [0], adding replicas [] and removing replicas [] . Previous leader None and previous leader epoch was -1. (state.change.logger)
[2024-04-15 16:41:20,075] INFO [Broker id=0] Leader __consumer_offsets-31 with topic id Some(di3KebyQRwansm0ojkJPng) starts at leader epoch 0 from offset 0 with partition epoch 0, high watermark 0, ISR [0], adding replicas [] and removing replicas [] . Previous leader None and previous leader epoch was -1. (state.change.logger)
[2024-04-15 16:41:20,080] INFO [Broker id=0] Leader __consumer_offsets-46 with topic id Some(di3KebyQRwansm0ojkJPng) starts at leader epoch 0 from offset 0 with partition epoch 0, high watermark 0, ISR [0], adding replicas [] and removing replicas [] . Previous leader None and previous leader epoch was -1. (state.change.logger)
[2024-04-15 16:41:20,085] INFO [Broker id=0] Leader __consumer_offsets-1 with topic id Some(di3KebyQRwansm0ojkJPng) starts at leader epoch 0 from offset 0 with partition epoch 0, high watermark 0, ISR [0], adding replicas [] and removing replicas [] . Previous leader None and previous leader epoch was -1. (state.change.logger)
[2024-04-15 16:41:20,089] INFO [Broker id=0] Leader __consumer_offsets-16 with topic id Some(di3KebyQRwansm0ojkJPng) starts at leader epoch 0 from offset 0 with partition epoch 0, high watermark 0, ISR [0], adding replicas [] and removing replicas [] . Previous leader None and previous leader epoch was -1. (state.change.logger)
[2024-04-15 16:41:20,094] INFO [Broker id=0] Leader __consumer_offsets-2 with topic id Some(di3KebyQRwansm0ojkJPng) starts at leader epoch 0 from offset 0 with partition epoch 0, high watermark 0, ISR [0], adding replicas [] and removing replicas [] . Previous leader None and previous leader epoch was -1. (state.change.logger)
[2024-04-15 16:41:20,099] INFO [Broker id=0] Leader __consumer_offsets-25 with topic id Some(di3KebyQRwansm0ojkJPng) starts at leader epoch 0 from offset 0 with partition epoch 0, high watermark 0, ISR [0], adding replicas [] and removing replicas [] . Previous leader None and previous leader epoch was -1. (state.change.logger)
[2024-04-15 16:41:20,104] INFO [Broker id=0] Leader __consumer_offsets-40 with topic id Some(di3KebyQRwansm0ojkJPng) starts at leader epoch 0 from offset 0 with partition epoch 0, high watermark 0, ISR [0], adding replicas [] and removing replicas [] . Previous leader None and previous leader epoch was -1. (state.change.logger)
[2024-04-15 16:41:20,109] INFO [Broker id=0] Leader __consumer_offsets-47 with topic id Some(di3KebyQRwansm0ojkJPng) starts at leader epoch 0 from offset 0 with partition epoch 0, high watermark 0, ISR [0], adding replicas [] and removing replicas [] . Previous leader None and previous leader epoch was -1. (state.change.logger)
[2024-04-15 16:41:20,114] INFO [Broker id=0] Leader __consumer_offsets-17 with topic id Some(di3KebyQRwansm0ojkJPng) starts at leader epoch 0 from offset 0 with partition epoch 0, high watermark 0, ISR [0], adding replicas [] and removing replicas [] . Previous leader None and previous leader epoch was -1. (state.change.logger)
[2024-04-15 16:41:20,119] INFO [Broker id=0] Leader __consumer_offsets-32 with topic id Some(di3KebyQRwansm0ojkJPng) starts at leader epoch 0 from offset 0 with partition epoch 0, high watermark 0, ISR [0], adding replicas [] and removing replicas [] . Previous leader None and previous leader epoch was -1. (state.change.logger)
[2024-04-15 16:41:20,125] INFO [Broker id=0] Leader __consumer_offsets-37 with topic id Some(di3KebyQRwansm0ojkJPng) starts at leader epoch 0 from offset 0 with partition epoch 0, high watermark 0, ISR [0], adding replicas [] and removing replicas [] . Previous leader None and previous leader epoch was -1. (state.change.logger)
[2024-04-15 16:41:20,129] INFO [Broker id=0] Leader __consumer_offsets-7 with topic id Some(di3KebyQRwansm0ojkJPng) starts at leader epoch 0 from offset 0 with partition epoch 0, high watermark 0, ISR [0], adding replicas [] and removing replicas [] . Previous leader None and previous leader epoch was -1. (state.change.logger)
[2024-04-15 16:41:20,133] INFO [Broker id=0] Leader __consumer_offsets-22 with topic id Some(di3KebyQRwansm0ojkJPng) starts at leader epoch 0 from offset 0 with partition epoch 0, high watermark 0, ISR [0], adding replicas [] and removing replicas [] . Previous leader None and previous leader epoch was -1. (state.change.logger)
[2024-04-15 16:41:20,138] INFO [Broker id=0] Leader __consumer_offsets-29 with topic id Some(di3KebyQRwansm0ojkJPng) starts at leader epoch 0 from offset 0 with partition epoch 0, high watermark 0, ISR [0], adding replicas [] and removing replicas [] . Previous leader None and previous leader epoch was -1. (state.change.logger)
[2024-04-15 16:41:20,144] INFO [Broker id=0] Leader __consumer_offsets-44 with topic id Some(di3KebyQRwansm0ojkJPng) starts at leader epoch 0 from offset 0 with partition epoch 0, high watermark 0, ISR [0], adding replicas [] and removing replicas [] . Previous leader None and previous leader epoch was -1. (state.change.logger)
[2024-04-15 16:41:20,149] INFO [Broker id=0] Leader __consumer_offsets-14 with topic id Some(di3KebyQRwansm0ojkJPng) starts at leader epoch 0 from offset 2 with partition epoch 0, high watermark 2, ISR [0], adding replicas [] and removing replicas [] . Previous leader None and previous leader epoch was -1. (state.change.logger)
[2024-04-15 16:41:20,149] INFO [Broker id=0] Leader __consumer_offsets-23 with topic id Some(di3KebyQRwansm0ojkJPng) starts at leader epoch 0 from offset 0 with partition epoch 0, high watermark 0, ISR [0], adding replicas [] and removing replicas [] . Previous leader None and previous leader epoch was -1. (state.change.logger)
[2024-04-15 16:41:20,155] INFO [Broker id=0] Leader __consumer_offsets-38 with topic id Some(di3KebyQRwansm0ojkJPng) starts at leader epoch 0 from offset 0 with partition epoch 0, high watermark 0, ISR [0], adding replicas [] and removing replicas [] . Previous leader None and previous leader epoch was -1. (state.change.logger)
[2024-04-15 16:41:20,159] INFO [Broker id=0] Leader __consumer_offsets-8 with topic id Some(di3KebyQRwansm0ojkJPng) starts at leader epoch 0 from offset 0 with partition epoch 0, high watermark 0, ISR [0], adding replicas [] and removing replicas [] . Previous leader None and previous leader epoch was -1. (state.change.logger)
[2024-04-15 16:41:20,165] INFO [Broker id=0] Leader __consumer_offsets-45 with topic id Some(di3KebyQRwansm0ojkJPng) starts at leader epoch 0 from offset 0 with partition epoch 0, high watermark 0, ISR [0], adding replicas [] and removing replicas [] . Previous leader None and previous leader epoch was -1. (state.change.logger)
[2024-04-15 16:41:20,169] INFO [Broker id=0] Leader __consumer_offsets-15 with topic id Some(di3KebyQRwansm0ojkJPng) starts at leader epoch 0 from offset 0 with partition epoch 0, high watermark 0, ISR [0], adding replicas [] and removing replicas [] . Previous leader None and previous leader epoch was -1. (state.change.logger)
[2024-04-15 16:41:20,173] INFO [Broker id=0] Leader __consumer_offsets-30 with topic id Some(di3KebyQRwansm0ojkJPng) starts at leader epoch 0 from offset 0 with partition epoch 0, high watermark 0, ISR [0], adding replicas [] and removing replicas [] . Previous leader None and previous leader epoch was -1. (state.change.logger)
[2024-04-15 16:41:20,179] INFO [Broker id=0] Leader __consumer_offsets-0 with topic id Some(di3KebyQRwansm0ojkJPng) starts at leader epoch 0 from offset 0 with partition epoch 0, high watermark 0, ISR [0], adding replicas [] and removing replicas [] . Previous leader None and previous leader epoch was -1. (state.change.logger)
[2024-04-15 16:41:20,185] INFO [Broker id=0] Leader __consumer_offsets-35 with topic id Some(di3KebyQRwansm0ojkJPng) starts at leader epoch 0 from offset 0 with partition epoch 0, high watermark 0, ISR [0], adding replicas [] and removing replicas [] . Previous leader None and previous leader epoch was -1. (state.change.logger)
[2024-04-15 16:41:20,191] INFO [Broker id=0] Leader __consumer_offsets-5 with topic id Some(di3KebyQRwansm0ojkJPng) starts at leader epoch 0 from offset 0 with partition epoch 0, high watermark 0, ISR [0], adding replicas [] and removing replicas [] . Previous leader None and previous leader epoch was -1. (state.change.logger)
[2024-04-15 16:41:20,196] INFO [Broker id=0] Leader __consumer_offsets-20 with topic id Some(di3KebyQRwansm0ojkJPng) starts at leader epoch 0 from offset 0 with partition epoch 0, high watermark 0, ISR [0], adding replicas [] and removing replicas [] . Previous leader None and previous leader epoch was -1. (state.change.logger)
[2024-04-15 16:41:20,202] INFO [Broker id=0] Leader __consumer_offsets-27 with topic id Some(di3KebyQRwansm0ojkJPng) starts at leader epoch 0 from offset 0 with partition epoch 0, high watermark 0, ISR [0], adding replicas [] and removing replicas [] . Previous leader None and previous leader epoch was -1. (state.change.logger)
[2024-04-15 16:41:20,207] INFO [Broker id=0] Leader __consumer_offsets-42 with topic id Some(di3KebyQRwansm0ojkJPng) starts at leader epoch 0 from offset 0 with partition epoch 0, high watermark 0, ISR [0], adding replicas [] and removing replicas [] . Previous leader None and previous leader epoch was -1. (state.change.logger)
[2024-04-15 16:41:20,212] INFO [Broker id=0] Leader __consumer_offsets-12 with topic id Some(di3KebyQRwansm0ojkJPng) starts at leader epoch 0 from offset 0 with partition epoch 0, high watermark 0, ISR [0], adding replicas [] and removing replicas [] . Previous leader None and previous leader epoch was -1. (state.change.logger)
[2024-04-15 16:41:20,217] INFO [Broker id=0] Leader __consumer_offsets-21 with topic id Some(di3KebyQRwansm0ojkJPng) starts at leader epoch 0 from offset 0 with partition epoch 0, high watermark 0, ISR [0], adding replicas [] and removing replicas [] . Previous leader None and previous leader epoch was -1. (state.change.logger)
[2024-04-15 16:41:20,221] INFO [Broker id=0] Leader __consumer_offsets-36 with topic id Some(di3KebyQRwansm0ojkJPng) starts at leader epoch 0 from offset 0 with partition epoch 0, high watermark 0, ISR [0], adding replicas [] and removing replicas [] . Previous leader None and previous leader epoch was -1. (state.change.logger)
[2024-04-15 16:41:20,226] INFO [Broker id=0] Leader __consumer_offsets-6 with topic id Some(di3KebyQRwansm0ojkJPng) starts at leader epoch 0 from offset 0 with partition epoch 0, high watermark 0, ISR [0], adding replicas [] and removing replicas [] . Previous leader None and previous leader epoch was -1. (state.change.logger)
[2024-04-15 16:41:20,232] INFO [Broker id=0] Leader __consumer_offsets-43 with topic id Some(di3KebyQRwansm0ojkJPng) starts at leader epoch 0 from offset 0 with partition epoch 0, high watermark 0, ISR [0], adding replicas [] and removing replicas [] . Previous leader None and previous leader epoch was -1. (state.change.logger)
[2024-04-15 16:41:20,238] INFO [Broker id=0] Leader __consumer_offsets-13 with topic id Some(di3KebyQRwansm0ojkJPng) starts at leader epoch 0 from offset 0 with partition epoch 0, high watermark 0, ISR [0], adding replicas [] and removing replicas [] . Previous leader None and previous leader epoch was -1. (state.change.logger)
[2024-04-15 16:41:20,244] INFO [Broker id=0] Leader __consumer_offsets-28 with topic id Some(di3KebyQRwansm0ojkJPng) starts at leader epoch 0 from offset 0 with partition epoch 0, high watermark 0, ISR [0], adding replicas [] and removing replicas [] . Previous leader None and previous leader epoch was -1. (state.change.logger)
[2024-04-15 16:41:20,266] INFO [Broker id=0] Finished LeaderAndIsr request in 278ms correlationId 1 from controller 0 for 52 partitions (state.change.logger)
[2024-04-15 16:41:20,271] INFO [Broker id=0] Add 52 partitions and deleted 0 partitions from metadata cache in response to UpdateMetadata request sent by controller 0 epoch 4 with correlation id 2 (state.change.logger)
[2024-04-15 16:42:04,951] INFO [Controller id=0 epoch=4] Changed partition wikimedia-stream-0 state from NonExistentPartition to NewPartition with assigned replicas 0 (state.change.logger)
[2024-04-15 16:42:04,951] INFO [Controller id=0 epoch=4] Sending UpdateMetadata request to brokers HashSet() for 0 partitions (state.change.logger)
[2024-04-15 16:42:04,952] INFO [Controller id=0 epoch=4] Sending UpdateMetadata request to brokers HashSet() for 0 partitions (state.change.logger)
[2024-04-15 16:42:04,970] INFO [Controller id=0 epoch=4] Changed partition wikimedia-stream-0 from NewPartition to OnlinePartition with state LeaderAndIsr(leader=0, leaderEpoch=0, isrWithBrokerEpoch=List(BrokerState(brokerId=0, brokerEpoch=-1)), leaderRecoveryState=RECOVERED, partitionEpoch=0) (state.change.logger)
[2024-04-15 16:42:04,970] INFO [Controller id=0 epoch=4] Sending LeaderAndIsr request to broker 0 with 1 become-leader and 0 become-follower partitions (state.change.logger)
[2024-04-15 16:42:04,970] INFO [Controller id=0 epoch=4] Sending UpdateMetadata request to brokers HashSet(0) for 1 partitions (state.change.logger)
[2024-04-15 16:42:04,971] INFO [Controller id=0 epoch=4] Sending UpdateMetadata request to brokers HashSet() for 0 partitions (state.change.logger)
[2024-04-15 16:42:04,974] INFO [Broker id=0] Handling LeaderAndIsr request correlationId 3 from controller 0 for 1 partitions (state.change.logger)
[2024-04-15 16:42:04,975] INFO [Broker id=0] Stopped fetchers as part of LeaderAndIsr request correlationId 3 from controller 0 epoch 4 as part of the become-leader transition for 1 partitions (state.change.logger)
[2024-04-15 16:42:04,988] INFO [Broker id=0] Leader wikimedia-stream-0 with topic id Some(FaV1d5fKQjC8WHbEWXc41Q) starts at leader epoch 0 from offset 0 with partition epoch 0, high watermark 0, ISR [0], adding replicas [] and removing replicas [] . Previous leader None and previous leader epoch was -1. (state.change.logger)
[2024-04-15 16:42:04,998] INFO [Broker id=0] Finished LeaderAndIsr request in 24ms correlationId 3 from controller 0 for 1 partitions (state.change.logger)
[2024-04-15 16:42:04,999] INFO [Broker id=0] Add 1 partitions and deleted 0 partitions from metadata cache in response to UpdateMetadata request sent by controller 0 epoch 4 with correlation id 4 (state.change.logger)
[2024-04-15 16:56:52,982] INFO [Controller id=0 epoch=4] Sending UpdateMetadata request to brokers HashSet() for 0 partitions (state.change.logger)
